[0.228s] DEBUG:colcon:Command line arguments: ['/usr/bin/colcon', 'build']
[0.228s] DEBUG:colcon:Parsed command line arguments: Namespace(log_base=None, log_level=None, verb_name='build', build_base='build', install_base='install', merge_install=False, symlink_install=False, test_result_base=None, continue_on_error=False, executor='parallel', parallel_workers=6, event_handlers=None, ignore_user_meta=False, metas=['./colcon.meta'], base_paths=['.'], packages_ignore=None, packages_ignore_regex=None, paths=None, packages_up_to=None, packages_up_to_regex=None, packages_above=None, packages_above_and_dependencies=None, packages_above_depth=None, packages_select_by_dep=None, packages_skip_by_dep=None, packages_skip_up_to=None, packages_select_build_failed=False, packages_skip_build_finished=False, packages_select_test_failures=False, packages_skip_test_passed=False, packages_select=None, packages_skip=None, packages_select_regex=None, packages_skip_regex=None, packages_start=None, packages_end=None, allow_overriding=[], cmake_args=None, cmake_target=None, cmake_target_skip_unavailable=False, cmake_clean_cache=False, cmake_clean_first=False, cmake_force_configure=False, ament_cmake_args=None, catkin_cmake_args=None, catkin_skip_building_tests=False, mixin_files=None, mixin=None, verb_parser=<colcon_mixin.mixin.mixin_argument.MixinArgumentDecorator object at 0x71266d770b60>, verb_extension=<colcon_core.verb.build.BuildVerb object at 0x71266cd6b260>, main=<bound method BuildVerb.main of <colcon_core.verb.build.BuildVerb object at 0x71266cd6b260>>, mixin_verb=('build',))
[0.338s] Level 1:colcon.colcon_core.package_discovery:discover_packages(colcon_meta) check parameters
[0.338s] Level 1:colcon.colcon_core.package_discovery:discover_packages(recursive) check parameters
[0.338s] Level 1:colcon.colcon_core.package_discovery:discover_packages(ignore) check parameters
[0.338s] Level 1:colcon.colcon_core.package_discovery:discover_packages(path) check parameters
[0.338s] Level 1:colcon.colcon_core.package_discovery:discover_packages(colcon_meta) discover
[0.338s] Level 1:colcon.colcon_core.package_discovery:discover_packages(recursive) discover
[0.338s] INFO:colcon.colcon_core.package_discovery:Crawling recursively for packages in '/home/info/tp_regulation/src/tp_turtle_regulation_nadine_shoaib/turtle_regulation2'
[0.338s] Level 1:colcon.colcon_core.package_identification:_identify(.) by extensions ['ignore', 'ignore_ament_install']
[0.338s] Level 1:colcon.colcon_core.package_identification:_identify(.) by extension 'ignore'
[0.338s] Level 1:colcon.colcon_core.package_identification:_identify(.) by extension 'ignore_ament_install'
[0.339s] Level 1:colcon.colcon_core.package_identification:_identify(.) by extensions ['colcon_pkg']
[0.339s] Level 1:colcon.colcon_core.package_identification:_identify(.) by extension 'colcon_pkg'
[0.339s] Level 1:colcon.colcon_core.package_identification:_identify(.) by extensions ['colcon_meta']
[0.339s] Level 1:colcon.colcon_core.package_identification:_identify(.) by extension 'colcon_meta'
[0.339s] Level 1:colcon.colcon_core.package_identification:_identify(.) by extensions ['ros']
[0.339s] Level 1:colcon.colcon_core.package_identification:_identify(.) by extension 'ros'
[0.409s] DEBUG:colcon.colcon_core.package_identification:Package '.' with type 'ros.ament_python' and name 'turtle_regulation2'
[0.409s] Level 1:colcon.colcon_core.package_discovery:discover_packages(recursive) using defaults
[0.409s] Level 1:colcon.colcon_core.package_discovery:discover_packages(ignore) discover
[0.409s] Level 1:colcon.colcon_core.package_discovery:discover_packages(ignore) using defaults
[0.409s] Level 1:colcon.colcon_core.package_discovery:discover_packages(path) discover
[0.409s] Level 1:colcon.colcon_core.package_discovery:discover_packages(path) using defaults
[0.442s] Level 1:colcon.colcon_core.package_discovery:discover_packages(prefix_path) check parameters
[0.442s] Level 1:colcon.colcon_core.package_discovery:discover_packages(prefix_path) discover
[0.443s] WARNING:colcon.colcon_core.prefix_path.colcon:The path '/home/info/regulation/src/tp_turtle_regulation_shoaib_nadine/install' in the environment variable COLCON_PREFIX_PATH doesn't exist
[0.444s] WARNING:colcon.colcon_ros.prefix_path.ament:The path '/home/info/regulation/src/tp_turtle_regulation_shoaib_nadine/install/turtle_regulation' in the environment variable AMENT_PREFIX_PATH doesn't exist
[0.444s] WARNING:colcon.colcon_ros.prefix_path.catkin:The path '/home/info/regulation/src/tp_turtle_regulation_shoaib_nadine/install/turtle_regulation' in the environment variable CMAKE_PREFIX_PATH doesn't exist
[0.446s] DEBUG:colcon.colcon_installed_package_information.package_discovery:Found 1 installed packages in /home/info/regulation/install
[0.450s] DEBUG:colcon.colcon_installed_package_information.package_discovery:Found 285 installed packages in /opt/ros/jazzy
[0.455s] Level 1:colcon.colcon_core.package_discovery:discover_packages(prefix_path) using defaults
[0.575s] Level 5:colcon.colcon_core.verb:set package 'turtle_regulation2' build argument 'cmake_args' from command line to 'None'
[0.575s] Level 5:colcon.colcon_core.verb:set package 'turtle_regulation2' build argument 'cmake_target' from command line to 'None'
[0.575s] Level 5:colcon.colcon_core.verb:set package 'turtle_regulation2' build argument 'cmake_target_skip_unavailable' from command line to 'False'
[0.575s] Level 5:colcon.colcon_core.verb:set package 'turtle_regulation2' build argument 'cmake_clean_cache' from command line to 'False'
[0.575s] Level 5:colcon.colcon_core.verb:set package 'turtle_regulation2' build argument 'cmake_clean_first' from command line to 'False'
[0.576s] Level 5:colcon.colcon_core.verb:set package 'turtle_regulation2' build argument 'cmake_force_configure' from command line to 'False'
[0.576s] Level 5:colcon.colcon_core.verb:set package 'turtle_regulation2' build argument 'ament_cmake_args' from command line to 'None'
[0.576s] Level 5:colcon.colcon_core.verb:set package 'turtle_regulation2' build argument 'catkin_cmake_args' from command line to 'None'
[0.576s] Level 5:colcon.colcon_core.verb:set package 'turtle_regulation2' build argument 'catkin_skip_building_tests' from command line to 'False'
[0.576s] DEBUG:colcon.colcon_core.verb:Building package 'turtle_regulation2' with the following arguments: {'ament_cmake_args': None, 'build_base': '/home/info/tp_regulation/src/tp_turtle_regulation_nadine_shoaib/turtle_regulation2/build/turtle_regulation2', 'catkin_cmake_args': None, 'catkin_skip_building_tests': False, 'cmake_args': None, 'cmake_clean_cache': False, 'cmake_clean_first': False, 'cmake_force_configure': False, 'cmake_target': None, 'cmake_target_skip_unavailable': False, 'install_base': '/home/info/tp_regulation/src/tp_turtle_regulation_nadine_shoaib/turtle_regulation2/install/turtle_regulation2', 'merge_install': False, 'path': '/home/info/tp_regulation/src/tp_turtle_regulation_nadine_shoaib/turtle_regulation2', 'symlink_install': False, 'test_result_base': None}
[0.576s] INFO:colcon.colcon_core.executor:Executing jobs using 'parallel' executor
[0.577s] DEBUG:colcon.colcon_parallel_executor.executor.parallel:run_until_complete
[0.577s] INFO:colcon.colcon_ros.task.ament_python.build:Building ROS package in '/home/info/tp_regulation/src/tp_turtle_regulation_nadine_shoaib/turtle_regulation2' with build type 'ament_python'
[0.577s] Level 1:colcon.colcon_core.shell:create_environment_hook('turtle_regulation2', 'ament_prefix_path')
[0.581s] INFO:colcon.colcon_core.plugin_system:Skipping extension 'colcon_core.shell.bat': Not used on non-Windows systems
[0.581s] INFO:colcon.colcon_core.shell:Creating environment hook '/home/info/tp_regulation/src/tp_turtle_regulation_nadine_shoaib/turtle_regulation2/install/turtle_regulation2/share/turtle_regulation2/hook/ament_prefix_path.ps1'
[0.582s] INFO:colcon.colcon_core.shell:Creating environment descriptor '/home/info/tp_regulation/src/tp_turtle_regulation_nadine_shoaib/turtle_regulation2/install/turtle_regulation2/share/turtle_regulation2/hook/ament_prefix_path.dsv'
[0.583s] INFO:colcon.colcon_core.shell:Creating environment hook '/home/info/tp_regulation/src/tp_turtle_regulation_nadine_shoaib/turtle_regulation2/install/turtle_regulation2/share/turtle_regulation2/hook/ament_prefix_path.sh'
[0.584s] INFO:colcon.colcon_core.shell:Skip shell extension 'powershell' for command environment: Not usable outside of PowerShell
[0.584s] DEBUG:colcon.colcon_core.shell:Skip shell extension 'dsv' for command environment
[1.130s] INFO:colcon.colcon_core.task.python.build:Building Python package in '/home/info/tp_regulation/src/tp_turtle_regulation_nadine_shoaib/turtle_regulation2'
[1.131s] INFO:colcon.colcon_core.shell:Skip shell extension 'powershell' for command environment: Not usable outside of PowerShell
[1.131s] DEBUG:colcon.colcon_core.shell:Skip shell extension 'dsv' for command environment
[2.398s] DEBUG:colcon.colcon_core.event_handler.log_command:Invoking command in '/home/info/tp_regulation/src/tp_turtle_regulation_nadine_shoaib/turtle_regulation2': DEBUGINFOD_URLS=https://debuginfod.ubuntu.com PYTHONPATH=/home/info/tp_regulation/src/tp_turtle_regulation_nadine_shoaib/turtle_regulation2/build/turtle_regulation2/prefix_override:/usr/lib/python3/dist-packages/colcon_core/task/python/colcon_distutils_commands:/home/info/tp_regulation/src/tp_turtle_regulation_nadine_shoaib/turtle_regulation2/install/turtle_regulation2/lib/python3.12/site-packages:${PYTHONPATH} /usr/bin/python3 -W ignore:setup.py install is deprecated -W ignore:easy_install command is deprecated setup.py egg_info --egg-base build/turtle_regulation2 build --build-base /home/info/tp_regulation/src/tp_turtle_regulation_nadine_shoaib/turtle_regulation2/build/turtle_regulation2/build install --record /home/info/tp_regulation/src/tp_turtle_regulation_nadine_shoaib/turtle_regulation2/build/turtle_regulation2/install.log --single-version-externally-managed install_data
[3.751s] DEBUG:colcon.colcon_core.event_handler.log_command:Invoked command in '/home/info/tp_regulation/src/tp_turtle_regulation_nadine_shoaib/turtle_regulation2' returned '0': DEBUGINFOD_URLS=https://debuginfod.ubuntu.com PYTHONPATH=/home/info/tp_regulation/src/tp_turtle_regulation_nadine_shoaib/turtle_regulation2/build/turtle_regulation2/prefix_override:/usr/lib/python3/dist-packages/colcon_core/task/python/colcon_distutils_commands:/home/info/tp_regulation/src/tp_turtle_regulation_nadine_shoaib/turtle_regulation2/install/turtle_regulation2/lib/python3.12/site-packages:${PYTHONPATH} /usr/bin/python3 -W ignore:setup.py install is deprecated -W ignore:easy_install command is deprecated setup.py egg_info --egg-base build/turtle_regulation2 build --build-base /home/info/tp_regulation/src/tp_turtle_regulation_nadine_shoaib/turtle_regulation2/build/turtle_regulation2/build install --record /home/info/tp_regulation/src/tp_turtle_regulation_nadine_shoaib/turtle_regulation2/build/turtle_regulation2/install.log --single-version-externally-managed install_data
[3.754s] Level 1:colcon.colcon_core.environment:checking '/home/info/tp_regulation/src/tp_turtle_regulation_nadine_shoaib/turtle_regulation2/install/turtle_regulation2' for CMake module files
[3.755s] Level 1:colcon.colcon_core.environment:checking '/home/info/tp_regulation/src/tp_turtle_regulation_nadine_shoaib/turtle_regulation2/install/turtle_regulation2' for CMake config files
[3.757s] Level 1:colcon.colcon_core.environment:checking '/home/info/tp_regulation/src/tp_turtle_regulation_nadine_shoaib/turtle_regulation2/install/turtle_regulation2/lib'
[3.757s] Level 1:colcon.colcon_core.environment:checking '/home/info/tp_regulation/src/tp_turtle_regulation_nadine_shoaib/turtle_regulation2/install/turtle_regulation2/bin'
[3.757s] Level 1:colcon.colcon_core.environment:checking '/home/info/tp_regulation/src/tp_turtle_regulation_nadine_shoaib/turtle_regulation2/install/turtle_regulation2/lib/pkgconfig/turtle_regulation2.pc'
[3.757s] Level 1:colcon.colcon_core.environment:checking '/home/info/tp_regulation/src/tp_turtle_regulation_nadine_shoaib/turtle_regulation2/install/turtle_regulation2/lib/python3.12/site-packages'
[3.757s] Level 1:colcon.colcon_core.shell:create_environment_hook('turtle_regulation2', 'pythonpath')
[3.758s] INFO:colcon.colcon_core.shell:Creating environment hook '/home/info/tp_regulation/src/tp_turtle_regulation_nadine_shoaib/turtle_regulation2/install/turtle_regulation2/share/turtle_regulation2/hook/pythonpath.ps1'
[3.758s] INFO:colcon.colcon_core.shell:Creating environment descriptor '/home/info/tp_regulation/src/tp_turtle_regulation_nadine_shoaib/turtle_regulation2/install/turtle_regulation2/share/turtle_regulation2/hook/pythonpath.dsv'
[3.759s] INFO:colcon.colcon_core.shell:Creating environment hook '/home/info/tp_regulation/src/tp_turtle_regulation_nadine_shoaib/turtle_regulation2/install/turtle_regulation2/share/turtle_regulation2/hook/pythonpath.sh'
[3.760s] Level 1:colcon.colcon_core.environment:checking '/home/info/tp_regulation/src/tp_turtle_regulation_nadine_shoaib/turtle_regulation2/install/turtle_regulation2/bin'
[3.760s] Level 1:colcon.colcon_core.environment:create_environment_scripts_only(turtle_regulation2)
[3.760s] INFO:colcon.colcon_core.shell:Creating package script '/home/info/tp_regulation/src/tp_turtle_regulation_nadine_shoaib/turtle_regulation2/install/turtle_regulation2/share/turtle_regulation2/package.ps1'
[3.761s] INFO:colcon.colcon_core.shell:Creating package descriptor '/home/info/tp_regulation/src/tp_turtle_regulation_nadine_shoaib/turtle_regulation2/install/turtle_regulation2/share/turtle_regulation2/package.dsv'
[3.762s] INFO:colcon.colcon_core.shell:Creating package script '/home/info/tp_regulation/src/tp_turtle_regulation_nadine_shoaib/turtle_regulation2/install/turtle_regulation2/share/turtle_regulation2/package.sh'
[3.763s] INFO:colcon.colcon_core.shell:Creating package script '/home/info/tp_regulation/src/tp_turtle_regulation_nadine_shoaib/turtle_regulation2/install/turtle_regulation2/share/turtle_regulation2/package.bash'
[3.764s] INFO:colcon.colcon_core.shell:Creating package script '/home/info/tp_regulation/src/tp_turtle_regulation_nadine_shoaib/turtle_regulation2/install/turtle_regulation2/share/turtle_regulation2/package.zsh'
[3.765s] Level 1:colcon.colcon_core.environment:create_file_with_runtime_dependencies(/home/info/tp_regulation/src/tp_turtle_regulation_nadine_shoaib/turtle_regulation2/install/turtle_regulation2/share/colcon-core/packages/turtle_regulation2)
[3.766s] DEBUG:colcon.colcon_parallel_executor.executor.parallel:closing loop
[3.767s] DEBUG:colcon.colcon_parallel_executor.executor.parallel:loop closed
[3.767s] DEBUG:colcon.colcon_parallel_executor.executor.parallel:run_until_complete finished with '0'
[3.767s] DEBUG:colcon.colcon_core.event_reactor:joining thread
[3.818s] INFO:colcon.colcon_core.plugin_system:Skipping extension 'colcon_notification.desktop_notification.terminal_notifier': Not used on non-Darwin systems
[3.818s] INFO:colcon.colcon_core.plugin_system:Skipping extension 'colcon_notification.desktop_notification.win32': Not used on non-Windows systems
[3.818s] INFO:colcon.colcon_notification.desktop_notification:Sending desktop notification using 'notify2'
[3.942s] DEBUG:colcon.colcon_core.event_reactor:joined thread
[3.942s] INFO:colcon.colcon_core.shell:Creating prefix script '/home/info/tp_regulation/src/tp_turtle_regulation_nadine_shoaib/turtle_regulation2/install/local_setup.ps1'
[3.944s] INFO:colcon.colcon_core.shell:Creating prefix util module '/home/info/tp_regulation/src/tp_turtle_regulation_nadine_shoaib/turtle_regulation2/install/_local_setup_util_ps1.py'
[3.946s] INFO:colcon.colcon_core.shell:Creating prefix chain script '/home/info/tp_regulation/src/tp_turtle_regulation_nadine_shoaib/turtle_regulation2/install/setup.ps1'
[3.947s] INFO:colcon.colcon_core.shell:Creating prefix script '/home/info/tp_regulation/src/tp_turtle_regulation_nadine_shoaib/turtle_regulation2/install/local_setup.sh'
[3.948s] INFO:colcon.colcon_core.shell:Creating prefix util module '/home/info/tp_regulation/src/tp_turtle_regulation_nadine_shoaib/turtle_regulation2/install/_local_setup_util_sh.py'
[3.950s] INFO:colcon.colcon_core.shell:Creating prefix chain script '/home/info/tp_regulation/src/tp_turtle_regulation_nadine_shoaib/turtle_regulation2/install/setup.sh'
[3.952s] INFO:colcon.colcon_core.shell:Creating prefix script '/home/info/tp_regulation/src/tp_turtle_regulation_nadine_shoaib/turtle_regulation2/install/local_setup.bash'
[3.953s] INFO:colcon.colcon_core.shell:Creating prefix chain script '/home/info/tp_regulation/src/tp_turtle_regulation_nadine_shoaib/turtle_regulation2/install/setup.bash'
[3.955s] INFO:colcon.colcon_core.shell:Creating prefix script '/home/info/tp_regulation/src/tp_turtle_regulation_nadine_shoaib/turtle_regulation2/install/local_setup.zsh'
[3.956s] INFO:colcon.colcon_core.shell:Creating prefix chain script '/home/info/tp_regulation/src/tp_turtle_regulation_nadine_shoaib/turtle_regulation2/install/setup.zsh'
