running egg_info
creating build/turtle_regulation2/turtle_regulation2.egg-info
writing build/turtle_regulation2/turtle_regulation2.egg-info/PKG-INFO
writing dependency_links to build/turtle_regulation2/turtle_regulation2.egg-info/dependency_links.txt
writing requirements to build/turtle_regulation2/turtle_regulation2.egg-info/requires.txt
writing top-level names to build/turtle_regulation2/turtle_regulation2.egg-info/top_level.txt
writing manifest file 'build/turtle_regulation2/turtle_regulation2.egg-info/SOURCES.txt'
reading manifest file 'build/turtle_regulation2/turtle_regulation2.egg-info/SOURCES.txt'
writing manifest file 'build/turtle_regulation2/turtle_regulation2.egg-info/SOURCES.txt'
running build
running build_py
creating /home/info/tp_regulation/src/tp_turtle_regulation_nadine_shoaib/turtle_regulation2/build/turtle_regulation2/build
creating /home/info/tp_regulation/src/tp_turtle_regulation_nadine_shoaib/turtle_regulation2/build/turtle_regulation2/build/lib
creating /home/info/tp_regulation/src/tp_turtle_regulation_nadine_shoaib/turtle_regulation2/build/turtle_regulation2/build/lib/turtle_regulation2
copying turtle_regulation2/__init__.py -> /home/info/tp_regulation/src/tp_turtle_regulation_nadine_shoaib/turtle_regulation2/build/turtle_regulation2/build/lib/turtle_regulation2
running install
running install_lib
creating /home/info/tp_regulation/src/tp_turtle_regulation_nadine_shoaib/turtle_regulation2/install/turtle_regulation2/lib/python3.12/site-packages/turtle_regulation2
copying /home/info/tp_regulation/src/tp_turtle_regulation_nadine_shoaib/turtle_regulation2/build/turtle_regulation2/build/lib/turtle_regulation2/__init__.py -> /home/info/tp_regulation/src/tp_turtle_regulation_nadine_shoaib/turtle_regulation2/install/turtle_regulation2/lib/python3.12/site-packages/turtle_regulation2
byte-compiling /home/info/tp_regulation/src/tp_turtle_regulation_nadine_shoaib/turtle_regulation2/install/turtle_regulation2/lib/python3.12/site-packages/turtle_regulation2/__init__.py to __init__.cpython-312.pyc
running install_data
creating /home/info/tp_regulation/src/tp_turtle_regulation_nadine_shoaib/turtle_regulation2/install/turtle_regulation2/share/ament_index
creating /home/info/tp_regulation/src/tp_turtle_regulation_nadine_shoaib/turtle_regulation2/install/turtle_regulation2/share/ament_index/resource_index
creating /home/info/tp_regulation/src/tp_turtle_regulation_nadine_shoaib/turtle_regulation2/install/turtle_regulation2/share/ament_index/resource_index/packages
copying resource/turtle_regulation2 -> /home/info/tp_regulation/src/tp_turtle_regulation_nadine_shoaib/turtle_regulation2/install/turtle_regulation2/share/ament_index/resource_index/packages
copying package.xml -> /home/info/tp_regulation/src/tp_turtle_regulation_nadine_shoaib/turtle_regulation2/install/turtle_regulation2/share/turtle_regulation2
running install_egg_info
Copying build/turtle_regulation2/turtle_regulation2.egg-info to /home/info/tp_regulation/src/tp_turtle_regulation_nadine_shoaib/turtle_regulation2/install/turtle_regulation2/lib/python3.12/site-packages/turtle_regulation2-0.0.0-py3.12.egg-info
running install_scripts
writing list of installed files to '/home/info/tp_regulation/src/tp_turtle_regulation_nadine_shoaib/turtle_regulation2/build/turtle_regulation2/install.log'
