[1.820s] Invoking command in '/home/info/tp_regulation/src/tp_turtle_regulation_nadine_shoaib/turtle_regulation2': DEBUGINFOD_URLS=https://debuginfod.ubuntu.com PYTHONPATH=/home/info/tp_regulation/src/tp_turtle_regulation_nadine_shoaib/turtle_regulation2/build/turtle_regulation2/prefix_override:/usr/lib/python3/dist-packages/colcon_core/task/python/colcon_distutils_commands:/home/info/tp_regulation/src/tp_turtle_regulation_nadine_shoaib/turtle_regulation2/install/turtle_regulation2/lib/python3.12/site-packages:${PYTHONPATH} /usr/bin/python3 -W ignore:setup.py install is deprecated -W ignore:easy_install command is deprecated setup.py egg_info --egg-base build/turtle_regulation2 build --build-base /home/info/tp_regulation/src/tp_turtle_regulation_nadine_shoaib/turtle_regulation2/build/turtle_regulation2/build install --record /home/info/tp_regulation/src/tp_turtle_regulation_nadine_shoaib/turtle_regulation2/build/turtle_regulation2/install.log --single-version-externally-managed install_data
[2.490s] running egg_info
[2.490s] creating build/turtle_regulation2/turtle_regulation2.egg-info
[2.525s] writing build/turtle_regulation2/turtle_regulation2.egg-info/PKG-INFO
[2.526s] writing dependency_links to build/turtle_regulation2/turtle_regulation2.egg-info/dependency_links.txt
[2.526s] writing requirements to build/turtle_regulation2/turtle_regulation2.egg-info/requires.txt
[2.526s] writing top-level names to build/turtle_regulation2/turtle_regulation2.egg-info/top_level.txt
[2.526s] writing manifest file 'build/turtle_regulation2/turtle_regulation2.egg-info/SOURCES.txt'
[2.616s] reading manifest file 'build/turtle_regulation2/turtle_regulation2.egg-info/SOURCES.txt'
[2.617s] writing manifest file 'build/turtle_regulation2/turtle_regulation2.egg-info/SOURCES.txt'
[2.618s] running build
[2.618s] running build_py
[2.618s] creating /home/info/tp_regulation/src/tp_turtle_regulation_nadine_shoaib/turtle_regulation2/build/turtle_regulation2/build
[2.618s] creating /home/info/tp_regulation/src/tp_turtle_regulation_nadine_shoaib/turtle_regulation2/build/turtle_regulation2/build/lib
[2.618s] creating /home/info/tp_regulation/src/tp_turtle_regulation_nadine_shoaib/turtle_regulation2/build/turtle_regulation2/build/lib/turtle_regulation2
[2.618s] copying turtle_regulation2/__init__.py -> /home/info/tp_regulation/src/tp_turtle_regulation_nadine_shoaib/turtle_regulation2/build/turtle_regulation2/build/lib/turtle_regulation2
[2.619s] running install
[2.632s] running install_lib
[2.686s] creating /home/info/tp_regulation/src/tp_turtle_regulation_nadine_shoaib/turtle_regulation2/install/turtle_regulation2/lib/python3.12/site-packages/turtle_regulation2
[2.686s] copying /home/info/tp_regulation/src/tp_turtle_regulation_nadine_shoaib/turtle_regulation2/build/turtle_regulation2/build/lib/turtle_regulation2/__init__.py -> /home/info/tp_regulation/src/tp_turtle_regulation_nadine_shoaib/turtle_regulation2/install/turtle_regulation2/lib/python3.12/site-packages/turtle_regulation2
[2.686s] byte-compiling /home/info/tp_regulation/src/tp_turtle_regulation_nadine_shoaib/turtle_regulation2/install/turtle_regulation2/lib/python3.12/site-packages/turtle_regulation2/__init__.py to __init__.cpython-312.pyc
[2.687s] running install_data
[2.687s] creating /home/info/tp_regulation/src/tp_turtle_regulation_nadine_shoaib/turtle_regulation2/install/turtle_regulation2/share/ament_index
[2.687s] creating /home/info/tp_regulation/src/tp_turtle_regulation_nadine_shoaib/turtle_regulation2/install/turtle_regulation2/share/ament_index/resource_index
[2.687s] creating /home/info/tp_regulation/src/tp_turtle_regulation_nadine_shoaib/turtle_regulation2/install/turtle_regulation2/share/ament_index/resource_index/packages
[2.687s] copying resource/turtle_regulation2 -> /home/info/tp_regulation/src/tp_turtle_regulation_nadine_shoaib/turtle_regulation2/install/turtle_regulation2/share/ament_index/resource_index/packages
[2.688s] copying package.xml -> /home/info/tp_regulation/src/tp_turtle_regulation_nadine_shoaib/turtle_regulation2/install/turtle_regulation2/share/turtle_regulation2
[2.688s] running install_egg_info
[2.736s] Copying build/turtle_regulation2/turtle_regulation2.egg-info to /home/info/tp_regulation/src/tp_turtle_regulation_nadine_shoaib/turtle_regulation2/install/turtle_regulation2/lib/python3.12/site-packages/turtle_regulation2-0.0.0-py3.12.egg-info
[2.738s] running install_scripts
[3.135s] writing list of installed files to '/home/info/tp_regulation/src/tp_turtle_regulation_nadine_shoaib/turtle_regulation2/build/turtle_regulation2/install.log'
[3.172s] Invoked command in '/home/info/tp_regulation/src/tp_turtle_regulation_nadine_shoaib/turtle_regulation2' returned '0': DEBUGINFOD_URLS=https://debuginfod.ubuntu.com PYTHONPATH=/home/info/tp_regulation/src/tp_turtle_regulation_nadine_shoaib/turtle_regulation2/build/turtle_regulation2/prefix_override:/usr/lib/python3/dist-packages/colcon_core/task/python/colcon_distutils_commands:/home/info/tp_regulation/src/tp_turtle_regulation_nadine_shoaib/turtle_regulation2/install/turtle_regulation2/lib/python3.12/site-packages:${PYTHONPATH} /usr/bin/python3 -W ignore:setup.py install is deprecated -W ignore:easy_install command is deprecated setup.py egg_info --egg-base build/turtle_regulation2 build --build-base /home/info/tp_regulation/src/tp_turtle_regulation_nadine_shoaib/turtle_regulation2/build/turtle_regulation2/build install --record /home/info/tp_regulation/src/tp_turtle_regulation_nadine_shoaib/turtle_regulation2/build/turtle_regulation2/install.log --single-version-externally-managed install_data
